<?xml version="1.0" encoding="UTF-8"?>
<!-- Generated by org.testng.reporters.JUnitReportReporter -->
<testsuite hostname="LAPTOP-0MQKEL6J" failures="0" tests="1" name="com.cts.downloadie.DownloadIeTest" time="78.564" errors="0" timestamp="07 Apr 2020 09:29:08 GMT" skipped="0">
  <testcase classname="com.cts.downloadie.DownloadIeTest" name="downloadIeDriver" time="78.564"/>
</testsuite> <!-- com.cts.downloadie.DownloadIeTest -->
